00:51:41.220 [main] DEBUG testcases.CartPageTest - Application debug logs ends...
00:51:41.229 [main] INFO  testcases.CartPageTest - **** Finished Verify_Presence_Of_Item_in_Cart_When_User_Logout_And_Login_Again  ****
00:55:19.413 [main] INFO  testcases.CartPageTest - **** Starting Verify_Presence_Of_Item_in_Cart_When_User_Logout_And_Login_Again *****
00:55:19.417 [main] DEBUG testcases.CartPageTest - capturing application debug logs....
00:55:19.433 [main] INFO  testcases.CartPageTest - Click on Sign-in button
00:55:19.906 [main] INFO  testcases.CartPageTest - Entering valid email and click on continue button ..
00:55:20.466 [main] INFO  testcases.CartPageTest - Entering valid password and click on sign-in button ..
00:55:20.672 [main] INFO  testcases.CartPageTest - Clicking on a product displayed on home page..
00:55:33.338 [main] INFO  testcases.CartPageTest - Clicking on add to basket..
00:55:36.571 [main] INFO  testcases.CartPageTest - Close the pop up..
00:55:40.688 [main] INFO  testcases.CartPageTest - Moving the mouse cursor to the account dropdown and click on signout..
00:55:40.693 [main] ERROR testcases.CartPageTest - test failure..
00:55:40.693 [main] DEBUG testcases.CartPageTest - Application debug logs ends...
00:55:40.693 [main] INFO  testcases.CartPageTest - **** Finished Verify_Presence_Of_Item_in_Cart_When_User_Logout_And_Login_Again  ****
01:06:03.895 [main] INFO  testcases.CartPageTest - **** Starting Verify_Presence_Of_Item_in_Cart_When_User_Logout_And_Login_Again *****
01:06:03.900 [main] DEBUG testcases.CartPageTest - capturing application debug logs....
01:06:03.917 [main] INFO  testcases.CartPageTest - Click on Sign-in button
01:06:04.414 [main] INFO  testcases.CartPageTest - Entering valid email and click on continue button ..
01:06:04.972 [main] INFO  testcases.CartPageTest - Entering valid password and click on sign-in button ..
01:06:05.201 [main] INFO  testcases.CartPageTest - Clicking on a product displayed on home page..
01:06:15.298 [main] INFO  testcases.CartPageTest - Clicking on add to basket..
01:06:18.556 [main] INFO  testcases.CartPageTest - Close the pop up..
01:06:22.578 [main] INFO  testcases.CartPageTest - Moving the mouse cursor to the account dropdown and click on signout..
01:06:22.586 [main] ERROR testcases.CartPageTest - test failure..
01:06:22.586 [main] DEBUG testcases.CartPageTest - Application debug logs ends...
01:06:22.586 [main] INFO  testcases.CartPageTest - **** Finished Verify_Presence_Of_Item_in_Cart_When_User_Logout_And_Login_Again  ****
01:07:43.850 [main] INFO  testcases.CartPageTest - **** Starting Verify_Presence_Of_Item_in_Cart_When_User_Logout_And_Login_Again *****
01:07:43.856 [main] DEBUG testcases.CartPageTest - capturing application debug logs....
01:07:43.873 [main] INFO  testcases.CartPageTest - Click on Sign-in button
01:07:44.416 [main] INFO  testcases.CartPageTest - Entering valid email and click on continue button ..
01:07:44.798 [main] INFO  testcases.CartPageTest - Entering valid password and click on sign-in button ..
01:07:45.050 [main] INFO  testcases.CartPageTest - Clicking on a product displayed on home page..
01:07:58.077 [main] INFO  testcases.CartPageTest - Clicking on add to basket..
01:08:01.329 [main] INFO  testcases.CartPageTest - Close the pop up..
01:08:02.425 [main] INFO  testcases.CartPageTest - Moving the mouse cursor to the account dropdown and click on signout..
01:08:02.432 [main] ERROR testcases.CartPageTest - test failure..
01:08:02.435 [main] DEBUG testcases.CartPageTest - Application debug logs ends...
01:08:02.435 [main] INFO  testcases.CartPageTest - **** Finished Verify_Presence_Of_Item_in_Cart_When_User_Logout_And_Login_Again  ****
01:12:45.907 [main] INFO  testcases.CartPageTest - **** Starting Verify_Presence_Of_Item_in_Cart_When_User_Logout_And_Login_Again *****
01:12:45.919 [main] DEBUG testcases.CartPageTest - capturing application debug logs....
01:12:45.942 [main] INFO  testcases.CartPageTest - Click on Sign-in button
01:12:46.324 [main] INFO  testcases.CartPageTest - Entering valid email and click on continue button ..
01:12:46.687 [main] INFO  testcases.CartPageTest - Entering valid password and click on sign-in button ..
01:12:46.895 [main] INFO  testcases.CartPageTest - Clicking on a product displayed on home page..
01:13:00.510 [main] INFO  testcases.CartPageTest - Clicking on add to basket..
01:13:03.755 [main] INFO  testcases.CartPageTest - Close the pop up..
01:13:04.754 [main] INFO  testcases.CartPageTest - Moving the mouse cursor to the account dropdown and click on signout..
01:13:04.758 [main] ERROR testcases.CartPageTest - test failure..
01:13:04.758 [main] DEBUG testcases.CartPageTest - Application debug logs ends...
01:13:04.758 [main] INFO  testcases.CartPageTest - **** Finished Verify_Presence_Of_Item_in_Cart_When_User_Logout_And_Login_Again  ****
01:22:00.376 [main] INFO  testcases.CartPageTest - **** Starting Verify_Presence_Of_Item_in_Cart_When_User_Logout_And_Login_Again *****
